# JRE version: OpenJDK Runtime Environment (11.0.10) (build 11.0.10+0-b96-7249189)
# Java VM: OpenJDK 64-Bit Server VM (11.0.10+0-b96-7249189, mixed mode, tiered, compressed oops, g1 gc, windows-amd64)
Heap:
 garbage-first heap   total 163840K, used 119742K [0x0000000080000000, 0x0000000100000000)
  region size 1024K, 23 young (23552K), 4 survivors (4096K)
 Metaspace       used 88847K, capacity 91038K, committed 91264K, reserved 1128448K
  class space    used 11380K, capacity 12132K, committed 12160K, reserved 1048576K
GC Heap History (20 events):
Event: 8.293 GC heap before
{Heap before GC invocations=10 (full 0):
 garbage-first heap   total 163840K, used 125245K [0x0000000080000000, 0x0000000100000000)
  region size 1024K, 76 young (77824K), 8 survivors (8192K)
 Metaspace       used 51527K, capacity 52954K, committed 53248K, reserved 1095680K
  class space    used 6581K, capacity 7107K, committed 7168K, reserved 1048576K
}
Event: 8.307 GC heap after
{Heap after GC invocations=11 (full 0):
 garbage-first heap   total 163840K, used 59923K [0x0000000080000000, 0x0000000100000000)
  region size 1024K, 8 young (8192K), 8 survivors (8192K)
 Metaspace       used 51527K, capacity 52954K, committed 53248K, reserved 1095680K
  class space    used 6581K, capacity 7107K, committed 7168K, reserved 1048576K
}
Event: 10.108 GC heap before
{Heap before GC invocations=11 (full 0):
 garbage-first heap   total 163840K, used 126483K [0x0000000080000000, 0x0000000100000000)
  region size 1024K, 74 young (75776K), 8 survivors (8192K)
 Metaspace       used 55160K, capacity 56862K, committed 57088K, reserved 1099776K
  class space    used 7073K, capacity 7657K, committed 7680K, reserved 1048576K
}
Event: 10.116 GC heap after
{Heap after GC invocations=12 (full 0):
 garbage-first heap   total 163840K, used 62967K [0x0000000080000000, 0x0000000100000000)
  region size 1024K, 8 young (8192K), 8 survivors (8192K)
 Metaspace       used 55160K, capacity 56862K, committed 57088K, reserved 1099776K
  class space    used 7073K, capacity 7657K, committed 7680K, reserved 1048576K
}
Event: 11.190 GC heap before
{Heap before GC invocations=12 (full 0):
 garbage-first heap   total 163840K, used 124407K [0x0000000080000000, 0x0000000100000000)
  region size 1024K, 62 young (63488K), 8 survivors (8192K)
 Metaspace       used 58290K, capacity 60074K, committed 60160K, reserved 1101824K
  class space    used 7472K, capacity 8059K, committed 8064K, reserved 1048576K
}
Event: 11.205 GC heap after
{Heap after GC invocations=13 (full 0):
 garbage-first heap   total 163840K, used 78458K [0x0000000080000000, 0x0000000100000000)
  region size 1024K, 10 young (10240K), 10 survivors (10240K)
 Metaspace       used 58290K, capacity 60074K, committed 60160K, reserved 1101824K
  class space    used 7472K, capacity 8059K, committed 8064K, reserved 1048576K
}
Event: 12.246 GC heap before
{Heap before GC invocations=14 (full 0):
 garbage-first heap   total 163840K, used 131706K [0x0000000080000000, 0x0000000100000000)
  region size 1024K, 62 young (63488K), 10 survivors (10240K)
 Metaspace       used 66352K, capacity 68247K, committed 68352K, reserved 1107968K
  class space    used 8448K, capacity 9118K, committed 9216K, reserved 1048576K
}
Event: 12.256 GC heap after
{Heap after GC invocations=15 (full 0):
 garbage-first heap   total 163840K, used 81726K [0x0000000080000000, 0x0000000100000000)
  region size 1024K, 3 young (3072K), 3 survivors (3072K)
 Metaspace       used 66352K, capacity 68247K, committed 68352K, reserved 1107968K
  class space    used 8448K, capacity 9118K, committed 9216K, reserved 1048576K
}
Event: 12.848 GC heap before
{Heap before GC invocations=16 (full 0):
 garbage-first heap   total 163840K, used 125758K [0x0000000080000000, 0x0000000100000000)
  region size 1024K, 48 young (49152K), 3 survivors (3072K)
 Metaspace       used 70828K, capacity 72669K, committed 72960K, reserved 1112064K
  class space    used 8991K, capacity 9646K, committed 9728K, reserved 1048576K
}
Event: 12.856 GC heap after
{Heap after GC invocations=17 (full 0):
 garbage-first heap   total 163840K, used 85495K [0x0000000080000000, 0x0000000100000000)
  region size 1024K, 7 young (7168K), 7 survivors (7168K)
 Metaspace       used 70828K, capacity 72669K, committed 72960K, reserved 1112064K
  class space    used 8991K, capacity 9646K, committed 9728K, reserved 1048576K
}
Event: 13.585 GC heap before
{Heap before GC invocations=18 (full 0):
 garbage-first heap   total 163840K, used 134647K [0x0000000080000000, 0x0000000100000000)
  region size 1024K, 55 young (56320K), 7 survivors (7168K)
 Metaspace       used 74346K, capacity 76347K, committed 76544K, reserved 1116160K
  class space    used 9424K, capacity 10118K, committed 10240K, reserved 1048576K
}
Event: 13.597 GC heap after
{Heap after GC invocations=19 (full 0):
 garbage-first heap   total 163840K, used 88502K [0x0000000080000000, 0x0000000100000000)
  region size 1024K, 4 young (4096K), 4 survivors (4096K)
 Metaspace       used 74346K, capacity 76347K, committed 76544K, reserved 1116160K
  class space    used 9424K, capacity 10118K, committed 10240K, reserved 1048576K
}
Event: 14.067 GC heap before
{Heap before GC invocations=19 (full 0):
 garbage-first heap   total 163840K, used 135606K [0x0000000080000000, 0x0000000100000000)
  region size 1024K, 50 young (51200K), 4 survivors (4096K)
 Metaspace       used 77140K, capacity 79137K, committed 79488K, reserved 1118208K
  class space    used 9806K, capacity 10515K, committed 10624K, reserved 1048576K
}
Event: 14.073 GC heap after
{Heap after GC invocations=20 (full 0):
 garbage-first heap   total 163840K, used 91204K [0x0000000080000000, 0x0000000100000000)
  region size 1024K, 7 young (7168K), 7 survivors (7168K)
 Metaspace       used 77140K, capacity 79137K, committed 79488K, reserved 1118208K
  class space    used 9806K, capacity 10515K, committed 10624K, reserved 1048576K
}
Event: 14.710 GC heap before
{Heap before GC invocations=21 (full 0):
 garbage-first heap   total 163840K, used 136260K [0x0000000080000000, 0x0000000100000000)
  region size 1024K, 51 young (52224K), 7 survivors (7168K)
 Metaspace       used 81740K, capacity 83940K, committed 84096K, reserved 1122304K
  class space    used 10538K, capacity 11298K, committed 11392K, reserved 1048576K
}
Event: 14.720 GC heap after
{Heap after GC invocations=22 (full 0):
 garbage-first heap   total 163840K, used 93852K [0x0000000080000000, 0x0000000100000000)
  region size 1024K, 6 young (6144K), 6 survivors (6144K)
 Metaspace       used 81740K, capacity 83940K, committed 84096K, reserved 1122304K
  class space    used 10538K, capacity 11298K, committed 11392K, reserved 1048576K
}
Event: 15.786 GC heap before
{Heap before GC invocations=22 (full 0):
 garbage-first heap   total 163840K, used 136860K [0x0000000080000000, 0x0000000100000000)
  region size 1024K, 49 young (50176K), 6 survivors (6144K)
 Metaspace       used 85281K, capacity 87485K, committed 87808K, reserved 1126400K
  class space    used 10925K, capacity 11678K, committed 11776K, reserved 1048576K
}
Event: 15.796 GC heap after
{Heap after GC invocations=23 (full 0):
 garbage-first heap   total 163840K, used 98245K [0x0000000080000000, 0x0000000100000000)
  region size 1024K, 7 young (7168K), 7 survivors (7168K)
 Metaspace       used 85281K, capacity 87485K, committed 87808K, reserved 1126400K
  class space    used 10925K, capacity 11678K, committed 11776K, reserved 1048576K
}
Event: 17.225 GC heap before
{Heap before GC invocations=24 (full 0):
 garbage-first heap   total 163840K, used 137157K [0x0000000080000000, 0x0000000100000000)
  region size 1024K, 45 young (46080K), 7 survivors (7168K)
 Metaspace       used 87311K, capacity 89591K, committed 89856K, reserved 1126400K
  class space    used 11184K, capacity 11991K, committed 12032K, reserved 1048576K
}
Event: 17.234 GC heap after
{Heap after GC invocations=25 (full 0):
 garbage-first heap   total 163840K, used 101310K [0x0000000080000000, 0x0000000100000000)
  region size 1024K, 4 young (4096K), 4 survivors (4096K)
 Metaspace       used 87311K, capacity 89591K, committed 89856K, reserved 1126400K
  class space    used 11184K, capacity 11991K, committed 12032K, reserved 1048576K
}

